# JRE version: Java(TM) SE Runtime Environment (8.0_71-b15) (build 1.8.0_71-b15)
# Java VM: Java HotSpot(TM) 64-Bit Server VM (25.71-b15 mixed mode windows-amd64 compressed oops)
Heap:
 PSYoungGen      total 73216K, used 9764K [0x000000076ae00000, 0x0000000770200000, 0x00000007c0000000)
  eden space 62464K, 5% used [0x000000076ae00000,0x000000076b19cc00,0x000000076eb00000)
  from space 10752K, 56% used [0x000000076f780000,0x000000076fd6c5a8,0x0000000770200000)
  to   space 11776K, 0% used [0x000000076eb00000,0x000000076eb00000,0x000000076f680000)
 ParOldGen       total 175104K, used 40K [0x00000006c0a00000, 0x00000006cb500000, 0x000000076ae00000)
  object space 175104K, 0% used [0x00000006c0a00000,0x00000006c0a0a000,0x00000006cb500000)
 Metaspace       used 11633K, capacity 11847K, committed 12160K, reserved 1060864K
  class space    used 968K, capacity 1066K, committed 1152K, reserved 1048576K
GC Heap History (10 events):
Event: 4.969 GC heap before
{Heap before GC invocations=2 (full 0):
 PSYoungGen      total 76288K, used 74116K [0x000000076ae00000, 0x0000000770300000, 0x00000007c0000000)
  eden space 65536K, 100% used [0x000000076ae00000,0x000000076ee00000,0x000000076ee00000)
  from space 10752K, 79% used [0x000000076ee00000,0x000000076f661130,0x000000076f880000)
  to   space 10752K, 0% used [0x000000076f880000,0x000000076f880000,0x0000000770300000)
 ParOldGen       total 175104K, used 16K [0x00000006c0a00000, 0x00000006cb500000, 0x000000076ae00000)
  object space 175104K, 0% used [0x00000006c0a00000,0x00000006c0a04000,0x00000006cb500000)
 Metaspace       used 11599K, capacity 11847K, committed 12160K, reserved 1060864K
  class space    used 966K, capacity 1066K, committed 1152K, reserved 1048576K
Event: 4.990 GC heap after
Heap after GC invocations=2 (full 0):
 PSYoungGen      total 76288K, used 9969K [0x000000076ae00000, 0x0000000770300000, 0x00000007c0000000)
  eden space 65536K, 0% used [0x000000076ae00000,0x000000076ae00000,0x000000076ee00000)
  from space 10752K, 92% used [0x000000076f880000,0x000000077023c5c8,0x0000000770300000)
  to   space 10752K, 0% used [0x000000076ee00000,0x000000076ee00000,0x000000076f880000)
 ParOldGen       total 175104K, used 24K [0x00000006c0a00000, 0x00000006cb500000, 0x000000076ae00000)
  object space 175104K, 0% used [0x00000006c0a00000,0x00000006c0a06000,0x00000006cb500000)
 Metaspace       used 11599K, capacity 11847K, committed 12160K, reserved 1060864K
  class space    used 966K, capacity 1066K, committed 1152K, reserved 1048576K
}
Event: 5.745 GC heap before
{Heap before GC invocations=3 (full 0):
 PSYoungGen      total 76288K, used 74666K [0x000000076ae00000, 0x0000000770300000, 0x00000007c0000000)
  eden space 65536K, 98% used [0x000000076ae00000,0x000000076ed2e600,0x000000076ee00000)
  from space 10752K, 92% used [0x000000076f880000,0x000000077023c5c8,0x0000000770300000)
  to   space 10752K, 0% used [0x000000076ee00000,0x000000076ee00000,0x000000076f880000)
 ParOldGen       total 175104K, used 24K [0x00000006c0a00000, 0x00000006cb500000, 0x000000076ae00000)
  object space 175104K, 0% used [0x00000006c0a00000,0x00000006c0a06000,0x00000006cb500000)
 Metaspace       used 11616K, capacity 11847K, committed 12160K, reserved 1060864K
  class space    used 968K, capacity 1066K, committed 1152K, reserved 1048576K
Event: 5.752 GC heap after
Heap after GC invocations=3 (full 0):
 PSYoungGen      total 76288K, used 6676K [0x000000076ae00000, 0x0000000770300000, 0x00000007c0000000)
  eden space 65536K, 0% used [0x000000076ae00000,0x000000076ae00000,0x000000076ee00000)
  from space 10752K, 62% used [0x000000076ee00000,0x000000076f485020,0x000000076f880000)
  to   space 10752K, 0% used [0x000000076f880000,0x000000076f880000,0x0000000770300000)
 ParOldGen       total 175104K, used 32K [0x00000006c0a00000, 0x00000006cb500000, 0x000000076ae00000)
  object space 175104K, 0% used [0x00000006c0a00000,0x00000006c0a08000,0x00000006cb500000)
 Metaspace       used 11616K, capacity 11847K, committed 12160K, reserved 1060864K
  class space    used 968K, capacity 1066K, committed 1152K, reserved 1048576K
}
Event: 6.035 GC heap before
{Heap before GC invocations=4 (full 0):
 PSYoungGen      total 76288K, used 71530K [0x000000076ae00000, 0x0000000770300000, 0x00000007c0000000)
  eden space 65536K, 98% used [0x000000076ae00000,0x000000076ed55898,0x000000076ee00000)
  from space 10752K, 62% used [0x000000076ee00000,0x000000076f485020,0x000000076f880000)
  to   space 10752K, 0% used [0x000000076f880000,0x000000076f880000,0x0000000770300000)
 ParOldGen       total 175104K, used 32K [0x00000006c0a00000, 0x00000006cb500000, 0x000000076ae00000)
  object space 175104K, 0% used [0x00000006c0a00000,0x00000006c0a08000,0x00000006cb500000)
 Metaspace       used 11619K, capacity 11847K, committed 12160K, reserved 1060864K
  class space    used 968K, capacity 1066K, committed 1152K, reserved 1048576K
Event: 6.038 GC heap after
Heap after GC invocations=4 (full 0):
 PSYoungGen      total 76288K, used 9388K [0x000000076ae00000, 0x0000000770300000, 0x00000007c0000000)
  eden space 65536K, 0% used [0x000000076ae00000,0x000000076ae00000,0x000000076ee00000)
  from space 10752K, 87% used [0x000000076f880000,0x00000007701ab030,0x0000000770300000)
  to   space 10752K, 0% used [0x000000076ee00000,0x000000076ee00000,0x000000076f880000)
 ParOldGen       total 175104K, used 40K [0x00000006c0a00000, 0x00000006cb500000, 0x000000076ae00000)
  object space 175104K, 0% used [0x00000006c0a00000,0x00000006c0a0a000,0x00000006cb500000)
 Metaspace       used 11619K, capacity 11847K, committed 12160K, reserved 1060864K
  class space    used 968K, capacity 1066K, committed 1152K, reserved 1048576K
}
Event: 6.313 GC heap before
{Heap before GC invocations=5 (full 0):
 PSYoungGen      total 76288K, used 73897K [0x000000076ae00000, 0x0000000770300000, 0x00000007c0000000)
  eden space 65536K, 98% used [0x000000076ae00000,0x000000076ecff430,0x000000076ee00000)
  from space 10752K, 87% used [0x000000076f880000,0x00000007701ab030,0x0000000770300000)
  to   space 10752K, 0% used [0x000000076ee00000,0x000000076ee00000,0x000000076f880000)
 ParOldGen       total 175104K, used 40K [0x00000006c0a00000, 0x00000006cb500000, 0x000000076ae00000)
  object space 175104K, 0% used [0x00000006c0a00000,0x00000006c0a0a000,0x00000006cb500000)
 Metaspace       used 11619K, capacity 11847K, committed 12160K, reserved 1060864K
  class space    used 968K, capacity 1066K, committed 1152K, reserved 1048576K
Event: 6.316 GC heap after
Heap after GC invocations=5 (full 0):
 PSYoungGen      total 73728K, used 9340K [0x000000076ae00000, 0x0000000770280000, 0x00000007c0000000)
  eden space 64000K, 0% used [0x000000076ae00000,0x000000076ae00000,0x000000076ec80000)
  from space 9728K, 96% used [0x000000076ee00000,0x000000076f71f040,0x000000076f780000)
  to   space 11264K, 0% used [0x000000076f780000,0x000000076f780000,0x0000000770280000)
 ParOldGen       total 175104K, used 40K [0x00000006c0a00000, 0x00000006cb500000, 0x000000076ae00000)
  object space 175104K, 0% used [0x00000006c0a00000,0x00000006c0a0a000,0x00000006cb500000)
 Metaspace       used 11619K, capacity 11847K, committed 12160K, reserved 1060864K
  class space    used 968K, capacity 1066K, committed 1152K, reserved 1048576K
}
Event: 7.384 GC heap before
{Heap before GC invocations=6 (full 0):
 PSYoungGen      total 73728K, used 73340K [0x000000076ae00000, 0x0000000770280000, 0x00000007c0000000)
  eden space 64000K, 100% used [0x000000076ae00000,0x000000076ec80000,0x000000076ec80000)
  from space 9728K, 96% used [0x000000076ee00000,0x000000076f71f040,0x000000076f780000)
  to   space 11264K, 0% used [0x000000076f780000,0x000000076f780000,0x0000000770280000)
 ParOldGen       total 175104K, used 40K [0x00000006c0a00000, 0x00000006cb500000, 0x000000076ae00000)
  object space 175104K, 0% used [0x00000006c0a00000,0x00000006c0a0a000,0x00000006cb500000)
 Metaspace       used 11633K, capacity 11847K, committed 12160K, reserved 1060864K
  class space    used 968K, capacity 1066K, committed 1152K, reserved 1048576K
Event: 7.394 GC heap after
Heap after GC invocations=6 (full 0):
 PSYoungGen      total 73216K, used 6065K [0x000000076ae00000, 0x0000000770200000, 0x00000007c0000000)
  eden space 62464K, 0% used [0x000000076ae00000,0x000000076ae00000,0x000000076eb00000)
  from space 10752K, 56% used [0x000000076f780000,0x000000076fd6c5a8,0x0000000770200000)
  to   space 11776K, 0% used [0x000000076eb00000,0x000000076eb00000,0x000000076f680000)
 ParOldGen       total 175104K, used 40K [0x00000006c0a00000, 0x00000006cb500000, 0x000000076ae00000)
  object space 175104K, 0% used [0x00000006c0a00000,0x00000006c0a0a000,0x00000006cb500000)
 Metaspace       used 11633K, capacity 11847K, committed 12160K, reserved 1060864K
  class space    used 968K, capacity 1066K, committed 1152K, reserved 1048576K
}

