# JRE version: Java(TM) SE Runtime Environment (8.0_71-b15) (build 1.8.0_71-b15)
# Java VM: Java HotSpot(TM) 64-Bit Server VM (25.71-b15 mixed mode windows-amd64 compressed oops)
Heap:
 PSYoungGen      total 35328K, used 29578K [0x000000076ae00000, 0x000000076d480000, 0x00000007c0000000)
  eden space 31232K, 82% used [0x000000076ae00000,0x000000076c702918,0x000000076cc80000)
  from space 4096K, 96% used [0x000000076d080000,0x000000076d460000,0x000000076d480000)
  to   space 4096K, 0% used [0x000000076cc80000,0x000000076cc80000,0x000000076d080000)
 ParOldGen       total 175104K, used 41177K [0x00000006c0a00000, 0x00000006cb500000, 0x000000076ae00000)
  object space 175104K, 23% used [0x00000006c0a00000,0x00000006c32364f0,0x00000006cb500000)
 Metaspace       used 11695K, capacity 11911K, committed 12160K, reserved 1060864K
  class space    used 972K, capacity 1066K, committed 1152K, reserved 1048576K
GC Heap History (10 events):
Event: 356.561 GC heap before
{Heap before GC invocations=180 (full 0):
 PSYoungGen      total 35328K, used 35200K [0x000000076ae00000, 0x000000076d480000, 0x00000007c0000000)
  eden space 31232K, 100% used [0x000000076ae00000,0x000000076cc80000,0x000000076cc80000)
  from space 4096K, 96% used [0x000000076cc80000,0x000000076d060000,0x000000076d080000)
  to   space 4096K, 0% used [0x000000076d080000,0x000000076d080000,0x000000076d480000)
 ParOldGen       total 175104K, used 41169K [0x00000006c0a00000, 0x00000006cb500000, 0x000000076ae00000)
  object space 175104K, 23% used [0x00000006c0a00000,0x00000006c32344f0,0x00000006cb500000)
 Metaspace       used 11695K, capacity 11911K, committed 12160K, reserved 1060864K
  class space    used 972K, capacity 1066K, committed 1152K, reserved 1048576K
Event: 356.569 GC heap after
Heap after GC invocations=180 (full 0):
 PSYoungGen      total 35328K, used 3968K [0x000000076ae00000, 0x000000076d480000, 0x00000007c0000000)
  eden space 31232K, 0% used [0x000000076ae00000,0x000000076ae00000,0x000000076cc80000)
  from space 4096K, 96% used [0x000000076d080000,0x000000076d460000,0x000000076d480000)
  to   space 4096K, 0% used [0x000000076cc80000,0x000000076cc80000,0x000000076d080000)
 ParOldGen       total 175104K, used 41169K [0x00000006c0a00000, 0x00000006cb500000, 0x000000076ae00000)
  object space 175104K, 23% used [0x00000006c0a00000,0x00000006c32344f0,0x00000006cb500000)
 Metaspace       used 11695K, capacity 11911K, committed 12160K, reserved 1060864K
  class space    used 972K, capacity 1066K, committed 1152K, reserved 1048576K
}
Event: 358.311 GC heap before
{Heap before GC invocations=181 (full 0):
 PSYoungGen      total 35328K, used 35200K [0x000000076ae00000, 0x000000076d480000, 0x00000007c0000000)
  eden space 31232K, 100% used [0x000000076ae00000,0x000000076cc80000,0x000000076cc80000)
  from space 4096K, 96% used [0x000000076d080000,0x000000076d460000,0x000000076d480000)
  to   space 4096K, 0% used [0x000000076cc80000,0x000000076cc80000,0x000000076d080000)
 ParOldGen       total 175104K, used 41169K [0x00000006c0a00000, 0x00000006cb500000, 0x000000076ae00000)
  object space 175104K, 23% used [0x00000006c0a00000,0x00000006c32344f0,0x00000006cb500000)
 Metaspace       used 11695K, capacity 11911K, committed 12160K, reserved 1060864K
  class space    used 972K, capacity 1066K, committed 1152K, reserved 1048576K
Event: 358.319 GC heap after
Heap after GC invocations=181 (full 0):
 PSYoungGen      total 35328K, used 4000K [0x000000076ae00000, 0x000000076d480000, 0x00000007c0000000)
  eden space 31232K, 0% used [0x000000076ae00000,0x000000076ae00000,0x000000076cc80000)
  from space 4096K, 97% used [0x000000076cc80000,0x000000076d068000,0x000000076d080000)
  to   space 4096K, 0% used [0x000000076d080000,0x000000076d080000,0x000000076d480000)
 ParOldGen       total 175104K, used 41169K [0x00000006c0a00000, 0x00000006cb500000, 0x000000076ae00000)
  object space 175104K, 23% used [0x00000006c0a00000,0x00000006c32344f0,0x00000006cb500000)
 Metaspace       used 11695K, capacity 11911K, committed 12160K, reserved 1060864K
  class space    used 972K, capacity 1066K, committed 1152K, reserved 1048576K
}
Event: 360.061 GC heap before
{Heap before GC invocations=182 (full 0):
 PSYoungGen      total 35328K, used 35232K [0x000000076ae00000, 0x000000076d480000, 0x00000007c0000000)
  eden space 31232K, 100% used [0x000000076ae00000,0x000000076cc80000,0x000000076cc80000)
  from space 4096K, 97% used [0x000000076cc80000,0x000000076d068000,0x000000076d080000)
  to   space 4096K, 0% used [0x000000076d080000,0x000000076d080000,0x000000076d480000)
 ParOldGen       total 175104K, used 41169K [0x00000006c0a00000, 0x00000006cb500000, 0x000000076ae00000)
  object space 175104K, 23% used [0x00000006c0a00000,0x00000006c32344f0,0x00000006cb500000)
 Metaspace       used 11695K, capacity 11911K, committed 12160K, reserved 1060864K
  class space    used 972K, capacity 1066K, committed 1152K, reserved 1048576K
Event: 360.069 GC heap after
Heap after GC invocations=182 (full 0):
 PSYoungGen      total 35328K, used 4000K [0x000000076ae00000, 0x000000076d480000, 0x00000007c0000000)
  eden space 31232K, 0% used [0x000000076ae00000,0x000000076ae00000,0x000000076cc80000)
  from space 4096K, 97% used [0x000000076d080000,0x000000076d468000,0x000000076d480000)
  to   space 4096K, 0% used [0x000000076cc80000,0x000000076cc80000,0x000000076d080000)
 ParOldGen       total 175104K, used 41177K [0x00000006c0a00000, 0x00000006cb500000, 0x000000076ae00000)
  object space 175104K, 23% used [0x00000006c0a00000,0x00000006c32364f0,0x00000006cb500000)
 Metaspace       used 11695K, capacity 11911K, committed 12160K, reserved 1060864K
  class space    used 972K, capacity 1066K, committed 1152K, reserved 1048576K
}
Event: 361.811 GC heap before
{Heap before GC invocations=183 (full 0):
 PSYoungGen      total 35328K, used 35231K [0x000000076ae00000, 0x000000076d480000, 0x00000007c0000000)
  eden space 31232K, 99% used [0x000000076ae00000,0x000000076cc7ffe8,0x000000076cc80000)
  from space 4096K, 97% used [0x000000076d080000,0x000000076d468000,0x000000076d480000)
  to   space 4096K, 0% used [0x000000076cc80000,0x000000076cc80000,0x000000076d080000)
 ParOldGen       total 175104K, used 41177K [0x00000006c0a00000, 0x00000006cb500000, 0x000000076ae00000)
  object space 175104K, 23% used [0x00000006c0a00000,0x00000006c32364f0,0x00000006cb500000)
 Metaspace       used 11695K, capacity 11911K, committed 12160K, reserved 1060864K
  class space    used 972K, capacity 1066K, committed 1152K, reserved 1048576K
Event: 361.819 GC heap after
Heap after GC invocations=183 (full 0):
 PSYoungGen      total 35328K, used 4000K [0x000000076ae00000, 0x000000076d480000, 0x00000007c0000000)
  eden space 31232K, 0% used [0x000000076ae00000,0x000000076ae00000,0x000000076cc80000)
  from space 4096K, 97% used [0x000000076cc80000,0x000000076d068000,0x000000076d080000)
  to   space 4096K, 0% used [0x000000076d080000,0x000000076d080000,0x000000076d480000)
 ParOldGen       total 175104K, used 41177K [0x00000006c0a00000, 0x00000006cb500000, 0x000000076ae00000)
  object space 175104K, 23% used [0x00000006c0a00000,0x00000006c32364f0,0x00000006cb500000)
 Metaspace       used 11695K, capacity 11911K, committed 12160K, reserved 1060864K
  class space    used 972K, capacity 1066K, committed 1152K, reserved 1048576K
}
Event: 363.561 GC heap before
{Heap before GC invocations=184 (full 0):
 PSYoungGen      total 35328K, used 35232K [0x000000076ae00000, 0x000000076d480000, 0x00000007c0000000)
  eden space 31232K, 100% used [0x000000076ae00000,0x000000076cc80000,0x000000076cc80000)
  from space 4096K, 97% used [0x000000076cc80000,0x000000076d068000,0x000000076d080000)
  to   space 4096K, 0% used [0x000000076d080000,0x000000076d080000,0x000000076d480000)
 ParOldGen       total 175104K, used 41177K [0x00000006c0a00000, 0x00000006cb500000, 0x000000076ae00000)
  object space 175104K, 23% used [0x00000006c0a00000,0x00000006c32364f0,0x00000006cb500000)
 Metaspace       used 11695K, capacity 11911K, committed 12160K, reserved 1060864K
  class space    used 972K, capacity 1066K, committed 1152K, reserved 1048576K
Event: 363.569 GC heap after
Heap after GC invocations=184 (full 0):
 PSYoungGen      total 35328K, used 3968K [0x000000076ae00000, 0x000000076d480000, 0x00000007c0000000)
  eden space 31232K, 0% used [0x000000076ae00000,0x000000076ae00000,0x000000076cc80000)
  from space 4096K, 96% used [0x000000076d080000,0x000000076d460000,0x000000076d480000)
  to   space 4096K, 0% used [0x000000076cc80000,0x000000076cc80000,0x000000076d080000)
 ParOldGen       total 175104K, used 41177K [0x00000006c0a00000, 0x00000006cb500000, 0x000000076ae00000)
  object space 175104K, 23% used [0x00000006c0a00000,0x00000006c32364f0,0x00000006cb500000)
 Metaspace       used 11695K, capacity 11911K, committed 12160K, reserved 1060864K
  class space    used 972K, capacity 1066K, committed 1152K, reserved 1048576K
}

