# JRE version: Java(TM) SE Runtime Environment (8.0_71-b15) (build 1.8.0_71-b15)
# Java VM: Java HotSpot(TM) 64-Bit Server VM (25.71-b15 mixed mode windows-amd64 compressed oops)
Heap:
 PSYoungGen      total 585728K, used 372493K [0x000000076ae00000, 0x000000079a380000, 0x00000007c0000000)
  eden space 514048K, 60% used [0x000000076ae00000,0x000000077db33458,0x000000078a400000)
  from space 71680K, 89% used [0x000000078a400000,0x000000078e290000,0x000000078ea00000)
  to   space 79360K, 0% used [0x0000000795600000,0x0000000795600000,0x000000079a380000)
 ParOldGen       total 175104K, used 8767K [0x00000006c0a00000, 0x00000006cb500000, 0x000000076ae00000)
  object space 175104K, 5% used [0x00000006c0a00000,0x00000006c128fee0,0x00000006cb500000)
 Metaspace       used 11653K, capacity 11855K, committed 12160K, reserved 1060864K
  class space    used 966K, capacity 1066K, committed 1152K, reserved 1048576K
GC Heap History (10 events):
Event: 304.610 GC heap before
{Heap before GC invocations=205 (full 0):
 PSYoungGen      total 410112K, used 402240K [0x000000076ae00000, 0x0000000787780000, 0x00000007c0000000)
  eden space 364032K, 100% used [0x000000076ae00000,0x0000000781180000,0x0000000781180000)
  from space 46080K, 82% used [0x0000000784280000,0x00000007867d0000,0x0000000786f80000)
  to   space 50176K, 0% used [0x0000000781180000,0x0000000781180000,0x0000000784280000)
 ParOldGen       total 175104K, used 8759K [0x00000006c0a00000, 0x00000006cb500000, 0x000000076ae00000)
  object space 175104K, 5% used [0x00000006c0a00000,0x00000006c128dee0,0x00000006cb500000)
 Metaspace       used 11653K, capacity 11855K, committed 12160K, reserved 1060864K
  class space    used 966K, capacity 1066K, committed 1152K, reserved 1048576K
Event: 304.717 GC heap after
Heap after GC invocations=205 (full 0):
 PSYoungGen      total 414208K, used 45376K [0x000000076ae00000, 0x000000078c500000, 0x00000007c0000000)
  eden space 364032K, 0% used [0x000000076ae00000,0x000000076ae00000,0x0000000781180000)
  from space 50176K, 90% used [0x0000000781180000,0x0000000783dd0000,0x0000000784280000)
  to   space 55296K, 0% used [0x0000000788f00000,0x0000000788f00000,0x000000078c500000)
 ParOldGen       total 175104K, used 8759K [0x00000006c0a00000, 0x00000006cb500000, 0x000000076ae00000)
  object space 175104K, 5% used [0x00000006c0a00000,0x00000006c128dee0,0x00000006cb500000)
 Metaspace       used 11653K, capacity 11855K, committed 12160K, reserved 1060864K
  class space    used 966K, capacity 1066K, committed 1152K, reserved 1048576K
}
Event: 314.993 GC heap before
{Heap before GC invocations=206 (full 0):
 PSYoungGen      total 414208K, used 409408K [0x000000076ae00000, 0x000000078c500000, 0x00000007c0000000)
  eden space 364032K, 100% used [0x000000076ae00000,0x0000000781180000,0x0000000781180000)
  from space 50176K, 90% used [0x0000000781180000,0x0000000783dd0000,0x0000000784280000)
  to   space 55296K, 0% used [0x0000000788f00000,0x0000000788f00000,0x000000078c500000)
 ParOldGen       total 175104K, used 8759K [0x00000006c0a00000, 0x00000006cb500000, 0x000000076ae00000)
  object space 175104K, 5% used [0x00000006c0a00000,0x00000006c128dee0,0x00000006cb500000)
 Metaspace       used 11653K, capacity 11855K, committed 12160K, reserved 1060864K
  class space    used 966K, capacity 1066K, committed 1152K, reserved 1048576K
Event: 315.090 GC heap after
Heap after GC invocations=206 (full 0):
 PSYoungGen      total 487936K, used 45376K [0x000000076ae00000, 0x000000078ce00000, 0x00000007c0000000)
  eden space 432640K, 0% used [0x000000076ae00000,0x000000076ae00000,0x0000000785480000)
  from space 55296K, 82% used [0x0000000788f00000,0x000000078bb50000,0x000000078c500000)
  to   space 59904K, 0% used [0x0000000785480000,0x0000000785480000,0x0000000788f00000)
 ParOldGen       total 175104K, used 8767K [0x00000006c0a00000, 0x00000006cb500000, 0x000000076ae00000)
  object space 175104K, 5% used [0x00000006c0a00000,0x00000006c128fee0,0x00000006cb500000)
 Metaspace       used 11653K, capacity 11855K, committed 12160K, reserved 1060864K
  class space    used 966K, capacity 1066K, committed 1152K, reserved 1048576K
}
Event: 327.293 GC heap before
{Heap before GC invocations=207 (full 0):
 PSYoungGen      total 487936K, used 478016K [0x000000076ae00000, 0x000000078ce00000, 0x00000007c0000000)
  eden space 432640K, 100% used [0x000000076ae00000,0x0000000785480000,0x0000000785480000)
  from space 55296K, 82% used [0x0000000788f00000,0x000000078bb50000,0x000000078c500000)
  to   space 59904K, 0% used [0x0000000785480000,0x0000000785480000,0x0000000788f00000)
 ParOldGen       total 175104K, used 8767K [0x00000006c0a00000, 0x00000006cb500000, 0x000000076ae00000)
  object space 175104K, 5% used [0x00000006c0a00000,0x00000006c128fee0,0x00000006cb500000)
 Metaspace       used 11653K, capacity 11855K, committed 12160K, reserved 1060864K
  class space    used 966K, capacity 1066K, committed 1152K, reserved 1048576K
Event: 327.412 GC heap after
Heap after GC invocations=207 (full 0):
 PSYoungGen      total 492544K, used 53888K [0x000000076ae00000, 0x0000000792b00000, 0x00000007c0000000)
  eden space 432640K, 0% used [0x000000076ae00000,0x000000076ae00000,0x0000000785480000)
  from space 59904K, 89% used [0x0000000785480000,0x0000000788920000,0x0000000788f00000)
  to   space 66560K, 0% used [0x000000078ea00000,0x000000078ea00000,0x0000000792b00000)
 ParOldGen       total 175104K, used 8767K [0x00000006c0a00000, 0x00000006cb500000, 0x000000076ae00000)
  object space 175104K, 5% used [0x00000006c0a00000,0x00000006c128fee0,0x00000006cb500000)
 Metaspace       used 11653K, capacity 11855K, committed 12160K, reserved 1060864K
  class space    used 966K, capacity 1066K, committed 1152K, reserved 1048576K
}
Event: 339.627 GC heap before
{Heap before GC invocations=208 (full 0):
 PSYoungGen      total 492544K, used 486528K [0x000000076ae00000, 0x0000000792b00000, 0x00000007c0000000)
  eden space 432640K, 100% used [0x000000076ae00000,0x0000000785480000,0x0000000785480000)
  from space 59904K, 89% used [0x0000000785480000,0x0000000788920000,0x0000000788f00000)
  to   space 66560K, 0% used [0x000000078ea00000,0x000000078ea00000,0x0000000792b00000)
 ParOldGen       total 175104K, used 8767K [0x00000006c0a00000, 0x00000006cb500000, 0x000000076ae00000)
  object space 175104K, 5% used [0x00000006c0a00000,0x00000006c128fee0,0x00000006cb500000)
 Metaspace       used 11653K, capacity 11855K, committed 12160K, reserved 1060864K
  class space    used 966K, capacity 1066K, committed 1152K, reserved 1048576K
Event: 339.758 GC heap after
Heap after GC invocations=208 (full 0):
 PSYoungGen      total 580608K, used 53952K [0x000000076ae00000, 0x0000000793500000, 0x00000007c0000000)
  eden space 514048K, 0% used [0x000000076ae00000,0x000000076ae00000,0x000000078a400000)
  from space 66560K, 81% used [0x000000078ea00000,0x0000000791eb0000,0x0000000792b00000)
  to   space 71680K, 0% used [0x000000078a400000,0x000000078a400000,0x000000078ea00000)
 ParOldGen       total 175104K, used 8767K [0x00000006c0a00000, 0x00000006cb500000, 0x000000076ae00000)
  object space 175104K, 5% used [0x00000006c0a00000,0x00000006c128fee0,0x00000006cb500000)
 Metaspace       used 11653K, capacity 11855K, committed 12160K, reserved 1060864K
  class space    used 966K, capacity 1066K, committed 1152K, reserved 1048576K
}
Event: 354.276 GC heap before
{Heap before GC invocations=209 (full 0):
 PSYoungGen      total 580608K, used 567999K [0x000000076ae00000, 0x0000000793500000, 0x00000007c0000000)
  eden space 514048K, 99% used [0x000000076ae00000,0x000000078a3ffff0,0x000000078a400000)
  from space 66560K, 81% used [0x000000078ea00000,0x0000000791eb0000,0x0000000792b00000)
  to   space 71680K, 0% used [0x000000078a400000,0x000000078a400000,0x000000078ea00000)
 ParOldGen       total 175104K, used 8767K [0x00000006c0a00000, 0x00000006cb500000, 0x000000076ae00000)
  object space 175104K, 5% used [0x00000006c0a00000,0x00000006c128fee0,0x00000006cb500000)
 Metaspace       used 11653K, capacity 11855K, committed 12160K, reserved 1060864K
  class space    used 966K, capacity 1066K, committed 1152K, reserved 1048576K
Event: 354.426 GC heap after
Heap after GC invocations=209 (full 0):
 PSYoungGen      total 585728K, used 64064K [0x000000076ae00000, 0x000000079a380000, 0x00000007c0000000)
  eden space 514048K, 0% used [0x000000076ae00000,0x000000076ae00000,0x000000078a400000)
  from space 71680K, 89% used [0x000000078a400000,0x000000078e290000,0x000000078ea00000)
  to   space 79360K, 0% used [0x0000000795600000,0x0000000795600000,0x000000079a380000)
 ParOldGen       total 175104K, used 8767K [0x00000006c0a00000, 0x00000006cb500000, 0x000000076ae00000)
  object space 175104K, 5% used [0x00000006c0a00000,0x00000006c128fee0,0x00000006cb500000)
 Metaspace       used 11653K, capacity 11855K, committed 12160K, reserved 1060864K
  class space    used 966K, capacity 1066K, committed 1152K, reserved 1048576K
}

