# JRE version: Java(TM) SE Runtime Environment (8.0_71-b15) (build 1.8.0_71-b15)
# Java VM: Java HotSpot(TM) 64-Bit Server VM (25.71-b15 mixed mode windows-amd64 compressed oops)
Heap:
 PSYoungGen      total 35328K, used 28953K [0x000000076ae00000, 0x000000076d480000, 0x00000007c0000000)
  eden space 31232K, 80% used [0x000000076ae00000,0x000000076c666780,0x000000076cc80000)
  from space 4096K, 96% used [0x000000076cc80000,0x000000076d060000,0x000000076d080000)
  to   space 4096K, 0% used [0x000000076d080000,0x000000076d080000,0x000000076d480000)
 ParOldGen       total 175104K, used 35203K [0x00000006c0a00000, 0x00000006cb500000, 0x000000076ae00000)
  object space 175104K, 20% used [0x00000006c0a00000,0x00000006c2c60c48,0x00000006cb500000)
 Metaspace       used 11675K, capacity 11847K, committed 12160K, reserved 1060864K
  class space    used 969K, capacity 1066K, committed 1152K, reserved 1048576K
GC Heap History (10 events):
Event: 354.530 GC heap before
{Heap before GC invocations=181 (full 0):
 PSYoungGen      total 35328K, used 35231K [0x000000076ae00000, 0x000000076d480000, 0x00000007c0000000)
  eden space 31232K, 99% used [0x000000076ae00000,0x000000076cc7fff8,0x000000076cc80000)
  from space 4096K, 97% used [0x000000076d080000,0x000000076d468000,0x000000076d480000)
  to   space 4096K, 0% used [0x000000076cc80000,0x000000076cc80000,0x000000076d080000)
 ParOldGen       total 175104K, used 35203K [0x00000006c0a00000, 0x00000006cb500000, 0x000000076ae00000)
  object space 175104K, 20% used [0x00000006c0a00000,0x00000006c2c60c48,0x00000006cb500000)
 Metaspace       used 11675K, capacity 11847K, committed 12160K, reserved 1060864K
  class space    used 969K, capacity 1066K, committed 1152K, reserved 1048576K
Event: 354.537 GC heap after
Heap after GC invocations=181 (full 0):
 PSYoungGen      total 35328K, used 4000K [0x000000076ae00000, 0x000000076d480000, 0x00000007c0000000)
  eden space 31232K, 0% used [0x000000076ae00000,0x000000076ae00000,0x000000076cc80000)
  from space 4096K, 97% used [0x000000076cc80000,0x000000076d068000,0x000000076d080000)
  to   space 4096K, 0% used [0x000000076d080000,0x000000076d080000,0x000000076d480000)
 ParOldGen       total 175104K, used 35203K [0x00000006c0a00000, 0x00000006cb500000, 0x000000076ae00000)
  object space 175104K, 20% used [0x00000006c0a00000,0x00000006c2c60c48,0x00000006cb500000)
 Metaspace       used 11675K, capacity 11847K, committed 12160K, reserved 1060864K
  class space    used 969K, capacity 1066K, committed 1152K, reserved 1048576K
}
Event: 356.263 GC heap before
{Heap before GC invocations=182 (full 0):
 PSYoungGen      total 35328K, used 35232K [0x000000076ae00000, 0x000000076d480000, 0x00000007c0000000)
  eden space 31232K, 100% used [0x000000076ae00000,0x000000076cc80000,0x000000076cc80000)
  from space 4096K, 97% used [0x000000076cc80000,0x000000076d068000,0x000000076d080000)
  to   space 4096K, 0% used [0x000000076d080000,0x000000076d080000,0x000000076d480000)
 ParOldGen       total 175104K, used 35203K [0x00000006c0a00000, 0x00000006cb500000, 0x000000076ae00000)
  object space 175104K, 20% used [0x00000006c0a00000,0x00000006c2c60c48,0x00000006cb500000)
 Metaspace       used 11675K, capacity 11847K, committed 12160K, reserved 1060864K
  class space    used 969K, capacity 1066K, committed 1152K, reserved 1048576K
Event: 356.271 GC heap after
Heap after GC invocations=182 (full 0):
 PSYoungGen      total 35328K, used 3968K [0x000000076ae00000, 0x000000076d480000, 0x00000007c0000000)
  eden space 31232K, 0% used [0x000000076ae00000,0x000000076ae00000,0x000000076cc80000)
  from space 4096K, 96% used [0x000000076d080000,0x000000076d460000,0x000000076d480000)
  to   space 4096K, 0% used [0x000000076cc80000,0x000000076cc80000,0x000000076d080000)
 ParOldGen       total 175104K, used 35203K [0x00000006c0a00000, 0x00000006cb500000, 0x000000076ae00000)
  object space 175104K, 20% used [0x00000006c0a00000,0x00000006c2c60c48,0x00000006cb500000)
 Metaspace       used 11675K, capacity 11847K, committed 12160K, reserved 1060864K
  class space    used 969K, capacity 1066K, committed 1152K, reserved 1048576K
}
Event: 358.013 GC heap before
{Heap before GC invocations=183 (full 0):
 PSYoungGen      total 35328K, used 35200K [0x000000076ae00000, 0x000000076d480000, 0x00000007c0000000)
  eden space 31232K, 100% used [0x000000076ae00000,0x000000076cc80000,0x000000076cc80000)
  from space 4096K, 96% used [0x000000076d080000,0x000000076d460000,0x000000076d480000)
  to   space 4096K, 0% used [0x000000076cc80000,0x000000076cc80000,0x000000076d080000)
 ParOldGen       total 175104K, used 35203K [0x00000006c0a00000, 0x00000006cb500000, 0x000000076ae00000)
  object space 175104K, 20% used [0x00000006c0a00000,0x00000006c2c60c48,0x00000006cb500000)
 Metaspace       used 11675K, capacity 11847K, committed 12160K, reserved 1060864K
  class space    used 969K, capacity 1066K, committed 1152K, reserved 1048576K
Event: 358.021 GC heap after
Heap after GC invocations=183 (full 0):
 PSYoungGen      total 35328K, used 4000K [0x000000076ae00000, 0x000000076d480000, 0x00000007c0000000)
  eden space 31232K, 0% used [0x000000076ae00000,0x000000076ae00000,0x000000076cc80000)
  from space 4096K, 97% used [0x000000076cc80000,0x000000076d068000,0x000000076d080000)
  to   space 4096K, 0% used [0x000000076d080000,0x000000076d080000,0x000000076d480000)
 ParOldGen       total 175104K, used 35203K [0x00000006c0a00000, 0x00000006cb500000, 0x000000076ae00000)
  object space 175104K, 20% used [0x00000006c0a00000,0x00000006c2c60c48,0x00000006cb500000)
 Metaspace       used 11675K, capacity 11847K, committed 12160K, reserved 1060864K
  class space    used 969K, capacity 1066K, committed 1152K, reserved 1048576K
}
Event: 359.763 GC heap before
{Heap before GC invocations=184 (full 0):
 PSYoungGen      total 35328K, used 35232K [0x000000076ae00000, 0x000000076d480000, 0x00000007c0000000)
  eden space 31232K, 100% used [0x000000076ae00000,0x000000076cc80000,0x000000076cc80000)
  from space 4096K, 97% used [0x000000076cc80000,0x000000076d068000,0x000000076d080000)
  to   space 4096K, 0% used [0x000000076d080000,0x000000076d080000,0x000000076d480000)
 ParOldGen       total 175104K, used 35203K [0x00000006c0a00000, 0x00000006cb500000, 0x000000076ae00000)
  object space 175104K, 20% used [0x00000006c0a00000,0x00000006c2c60c48,0x00000006cb500000)
 Metaspace       used 11675K, capacity 11847K, committed 12160K, reserved 1060864K
  class space    used 969K, capacity 1066K, committed 1152K, reserved 1048576K
Event: 359.771 GC heap after
Heap after GC invocations=184 (full 0):
 PSYoungGen      total 35328K, used 4000K [0x000000076ae00000, 0x000000076d480000, 0x00000007c0000000)
  eden space 31232K, 0% used [0x000000076ae00000,0x000000076ae00000,0x000000076cc80000)
  from space 4096K, 97% used [0x000000076d080000,0x000000076d468000,0x000000076d480000)
  to   space 4096K, 0% used [0x000000076cc80000,0x000000076cc80000,0x000000076d080000)
 ParOldGen       total 175104K, used 35203K [0x00000006c0a00000, 0x00000006cb500000, 0x000000076ae00000)
  object space 175104K, 20% used [0x00000006c0a00000,0x00000006c2c60c48,0x00000006cb500000)
 Metaspace       used 11675K, capacity 11847K, committed 12160K, reserved 1060864K
  class space    used 969K, capacity 1066K, committed 1152K, reserved 1048576K
}
Event: 361.513 GC heap before
{Heap before GC invocations=185 (full 0):
 PSYoungGen      total 35328K, used 35231K [0x000000076ae00000, 0x000000076d480000, 0x00000007c0000000)
  eden space 31232K, 99% used [0x000000076ae00000,0x000000076cc7fff8,0x000000076cc80000)
  from space 4096K, 97% used [0x000000076d080000,0x000000076d468000,0x000000076d480000)
  to   space 4096K, 0% used [0x000000076cc80000,0x000000076cc80000,0x000000076d080000)
 ParOldGen       total 175104K, used 35203K [0x00000006c0a00000, 0x00000006cb500000, 0x000000076ae00000)
  object space 175104K, 20% used [0x00000006c0a00000,0x00000006c2c60c48,0x00000006cb500000)
 Metaspace       used 11675K, capacity 11847K, committed 12160K, reserved 1060864K
  class space    used 969K, capacity 1066K, committed 1152K, reserved 1048576K
Event: 361.521 GC heap after
Heap after GC invocations=185 (full 0):
 PSYoungGen      total 35328K, used 3968K [0x000000076ae00000, 0x000000076d480000, 0x00000007c0000000)
  eden space 31232K, 0% used [0x000000076ae00000,0x000000076ae00000,0x000000076cc80000)
  from space 4096K, 96% used [0x000000076cc80000,0x000000076d060000,0x000000076d080000)
  to   space 4096K, 0% used [0x000000076d080000,0x000000076d080000,0x000000076d480000)
 ParOldGen       total 175104K, used 35203K [0x00000006c0a00000, 0x00000006cb500000, 0x000000076ae00000)
  object space 175104K, 20% used [0x00000006c0a00000,0x00000006c2c60c48,0x00000006cb500000)
 Metaspace       used 11675K, capacity 11847K, committed 12160K, reserved 1060864K
  class space    used 969K, capacity 1066K, committed 1152K, reserved 1048576K
}

