# JRE version: Java(TM) SE Runtime Environment (8.0_71-b15) (build 1.8.0_71-b15)
# Java VM: Java HotSpot(TM) 64-Bit Server VM (25.71-b15 mixed mode windows-amd64 compressed oops)
Heap:
 PSYoungGen      total 75264K, used 61281K [0x000000076ae00000, 0x0000000770600000, 0x00000007c0000000)
  eden space 62464K, 81% used [0x000000076ae00000,0x000000076dfb8168,0x000000076eb00000)
  from space 12800K, 81% used [0x000000076f980000,0x00000007703a05b8,0x0000000770600000)
  to   space 13824K, 0% used [0x000000076eb00000,0x000000076eb00000,0x000000076f880000)
 ParOldGen       total 175104K, used 5054K [0x00000006c0a00000, 0x00000006cb500000, 0x000000076ae00000)
  object space 175104K, 2% used [0x00000006c0a00000,0x00000006c0eefa90,0x00000006cb500000)
 Metaspace       used 14747K, capacity 14965K, committed 15232K, reserved 1062912K
  class space    used 1224K, capacity 1291K, committed 1408K, reserved 1048576K
GC Heap History (10 events):
Event: 2.128 GC heap before
{Heap before GC invocations=2 (full 0):
 PSYoungGen      total 76288K, used 66335K [0x000000076ae00000, 0x0000000770300000, 0x00000007c0000000)
  eden space 65536K, 95% used [0x000000076ae00000,0x000000076eb48500,0x000000076ee00000)
  from space 10752K, 33% used [0x000000076ee00000,0x000000076f17fa58,0x000000076f880000)
  to   space 10752K, 0% used [0x000000076f880000,0x000000076f880000,0x0000000770300000)
 ParOldGen       total 175104K, used 16K [0x00000006c0a00000, 0x00000006cb500000, 0x000000076ae00000)
  object space 175104K, 0% used [0x00000006c0a00000,0x00000006c0a04000,0x00000006cb500000)
 Metaspace       used 13711K, capacity 13909K, committed 14080K, reserved 1062912K
  class space    used 1189K, capacity 1259K, committed 1280K, reserved 1048576K
Event: 2.137 GC heap after
Heap after GC invocations=2 (full 0):
 PSYoungGen      total 76288K, used 8113K [0x000000076ae00000, 0x0000000774300000, 0x00000007c0000000)
  eden space 65536K, 0% used [0x000000076ae00000,0x000000076ae00000,0x000000076ee00000)
  from space 10752K, 75% used [0x000000076f880000,0x000000077006c6f0,0x0000000770300000)
  to   space 10752K, 0% used [0x000000076ee00000,0x000000076ee00000,0x000000076f880000)
 ParOldGen       total 175104K, used 5030K [0x00000006c0a00000, 0x00000006cb500000, 0x000000076ae00000)
  object space 175104K, 2% used [0x00000006c0a00000,0x00000006c0ee9a90,0x00000006cb500000)
 Metaspace       used 13711K, capacity 13909K, committed 14080K, reserved 1062912K
  class space    used 1189K, capacity 1259K, committed 1280K, reserved 1048576K
}
Event: 4.247 GC heap before
{Heap before GC invocations=3 (full 0):
 PSYoungGen      total 76288K, used 73649K [0x000000076ae00000, 0x0000000774300000, 0x00000007c0000000)
  eden space 65536K, 100% used [0x000000076ae00000,0x000000076ee00000,0x000000076ee00000)
  from space 10752K, 75% used [0x000000076f880000,0x000000077006c6f0,0x0000000770300000)
  to   space 10752K, 0% used [0x000000076ee00000,0x000000076ee00000,0x000000076f880000)
 ParOldGen       total 175104K, used 5030K [0x00000006c0a00000, 0x00000006cb500000, 0x000000076ae00000)
  object space 175104K, 2% used [0x00000006c0a00000,0x00000006c0ee9a90,0x00000006cb500000)
 Metaspace       used 14696K, capacity 14837K, committed 15232K, reserved 1062912K
  class space    used 1224K, capacity 1291K, committed 1408K, reserved 1048576K
Event: 4.257 GC heap after
Heap after GC invocations=3 (full 0):
 PSYoungGen      total 76288K, used 5483K [0x000000076ae00000, 0x0000000770300000, 0x00000007c0000000)
  eden space 65536K, 0% used [0x000000076ae00000,0x000000076ae00000,0x000000076ee00000)
  from space 10752K, 50% used [0x000000076ee00000,0x000000076f35ad80,0x000000076f880000)
  to   space 10752K, 0% used [0x000000076f880000,0x000000076f880000,0x0000000770300000)
 ParOldGen       total 175104K, used 5038K [0x00000006c0a00000, 0x00000006cb500000, 0x000000076ae00000)
  object space 175104K, 2% used [0x00000006c0a00000,0x00000006c0eeba90,0x00000006cb500000)
 Metaspace       used 14696K, capacity 14837K, committed 15232K, reserved 1062912K
  class space    used 1224K, capacity 1291K, committed 1408K, reserved 1048576K
}
Event: 7.978 GC heap before
{Heap before GC invocations=4 (full 0):
 PSYoungGen      total 76288K, used 71019K [0x000000076ae00000, 0x0000000770300000, 0x00000007c0000000)
  eden space 65536K, 100% used [0x000000076ae00000,0x000000076ee00000,0x000000076ee00000)
  from space 10752K, 50% used [0x000000076ee00000,0x000000076f35ad80,0x000000076f880000)
  to   space 10752K, 0% used [0x000000076f880000,0x000000076f880000,0x0000000770300000)
 ParOldGen       total 175104K, used 5038K [0x00000006c0a00000, 0x00000006cb500000, 0x000000076ae00000)
  object space 175104K, 2% used [0x00000006c0a00000,0x00000006c0eeba90,0x00000006cb500000)
 Metaspace       used 14741K, capacity 14965K, committed 15232K, reserved 1062912K
  class space    used 1224K, capacity 1291K, committed 1408K, reserved 1048576K
Event: 8.001 GC heap after
Heap after GC invocations=4 (full 0):
 PSYoungGen      total 76288K, used 10609K [0x000000076ae00000, 0x0000000770300000, 0x00000007c0000000)
  eden space 65536K, 0% used [0x000000076ae00000,0x000000076ae00000,0x000000076ee00000)
  from space 10752K, 98% used [0x000000076f880000,0x00000007702dc5a8,0x0000000770300000)
  to   space 10752K, 0% used [0x000000076ee00000,0x000000076ee00000,0x000000076f880000)
 ParOldGen       total 175104K, used 5046K [0x00000006c0a00000, 0x00000006cb500000, 0x000000076ae00000)
  object space 175104K, 2% used [0x00000006c0a00000,0x00000006c0eeda90,0x00000006cb500000)
 Metaspace       used 14741K, capacity 14965K, committed 15232K, reserved 1062912K
  class space    used 1224K, capacity 1291K, committed 1408K, reserved 1048576K
}
Event: 11.703 GC heap before
{Heap before GC invocations=5 (full 0):
 PSYoungGen      total 76288K, used 76145K [0x000000076ae00000, 0x0000000770300000, 0x00000007c0000000)
  eden space 65536K, 100% used [0x000000076ae00000,0x000000076ee00000,0x000000076ee00000)
  from space 10752K, 98% used [0x000000076f880000,0x00000007702dc5a8,0x0000000770300000)
  to   space 10752K, 0% used [0x000000076ee00000,0x000000076ee00000,0x000000076f880000)
 ParOldGen       total 175104K, used 5046K [0x00000006c0a00000, 0x00000006cb500000, 0x000000076ae00000)
  object space 175104K, 2% used [0x00000006c0a00000,0x00000006c0eeda90,0x00000006cb500000)
 Metaspace       used 14746K, capacity 14965K, committed 15232K, reserved 1062912K
  class space    used 1224K, capacity 1291K, committed 1408K, reserved 1048576K
Event: 11.723 GC heap after
Heap after GC invocations=5 (full 0):
 PSYoungGen      total 74752K, used 10545K [0x000000076ae00000, 0x0000000770680000, 0x00000007c0000000)
  eden space 64000K, 0% used [0x000000076ae00000,0x000000076ae00000,0x000000076ec80000)
  from space 10752K, 98% used [0x000000076ee00000,0x000000076f84c5a8,0x000000076f880000)
  to   space 13312K, 0% used [0x000000076f980000,0x000000076f980000,0x0000000770680000)
 ParOldGen       total 175104K, used 5054K [0x00000006c0a00000, 0x00000006cb500000, 0x000000076ae00000)
  object space 175104K, 2% used [0x00000006c0a00000,0x00000006c0eefa90,0x00000006cb500000)
 Metaspace       used 14746K, capacity 14965K, committed 15232K, reserved 1062912K
  class space    used 1224K, capacity 1291K, committed 1408K, reserved 1048576K
}
Event: 15.347 GC heap before
{Heap before GC invocations=6 (full 0):
 PSYoungGen      total 74752K, used 74545K [0x000000076ae00000, 0x0000000770680000, 0x00000007c0000000)
  eden space 64000K, 100% used [0x000000076ae00000,0x000000076ec80000,0x000000076ec80000)
  from space 10752K, 98% used [0x000000076ee00000,0x000000076f84c5a8,0x000000076f880000)
  to   space 13312K, 0% used [0x000000076f980000,0x000000076f980000,0x0000000770680000)
 ParOldGen       total 175104K, used 5054K [0x00000006c0a00000, 0x00000006cb500000, 0x000000076ae00000)
  object space 175104K, 2% used [0x00000006c0a00000,0x00000006c0eefa90,0x00000006cb500000)
 Metaspace       used 14746K, capacity 14965K, committed 15232K, reserved 1062912K
  class space    used 1224K, capacity 1291K, committed 1408K, reserved 1048576K
Event: 15.372 GC heap after
Heap after GC invocations=6 (full 0):
 PSYoungGen      total 75264K, used 10369K [0x000000076ae00000, 0x0000000770600000, 0x00000007c0000000)
  eden space 62464K, 0% used [0x000000076ae00000,0x000000076ae00000,0x000000076eb00000)
  from space 12800K, 81% used [0x000000076f980000,0x00000007703a05b8,0x0000000770600000)
  to   space 13824K, 0% used [0x000000076eb00000,0x000000076eb00000,0x000000076f880000)
 ParOldGen       total 175104K, used 5054K [0x00000006c0a00000, 0x00000006cb500000, 0x000000076ae00000)
  object space 175104K, 2% used [0x00000006c0a00000,0x00000006c0eefa90,0x00000006cb500000)
 Metaspace       used 14746K, capacity 14965K, committed 15232K, reserved 1062912K
  class space    used 1224K, capacity 1291K, committed 1408K, reserved 1048576K
}

