# JRE version: Java(TM) SE Runtime Environment (8.0_71-b15) (build 1.8.0_71-b15)
# Java VM: Java HotSpot(TM) 64-Bit Server VM (25.71-b15 mixed mode windows-amd64 compressed oops)
Heap:
 PSYoungGen      total 35328K, used 35168K [0x000000076ae00000, 0x000000076d480000, 0x00000007c0000000)
  eden space 31232K, 100% used [0x000000076ae00000,0x000000076cc80000,0x000000076cc80000)
  from space 4096K, 96% used [0x000000076d080000,0x000000076d458000,0x000000076d480000)
  to   space 4096K, 0% used [0x000000076cc80000,0x000000076cc80000,0x000000076d080000)
 ParOldGen       total 175104K, used 4683K [0x00000006c0a00000, 0x00000006cb500000, 0x000000076ae00000)
  object space 175104K, 2% used [0x00000006c0a00000,0x00000006c0e92ed0,0x00000006cb500000)
 Metaspace       used 11703K, capacity 11911K, committed 12160K, reserved 1060864K
  class space    used 968K, capacity 1066K, committed 1152K, reserved 1048576K
GC Heap History (10 events):
Event: 359.516 GC heap before
{Heap before GC invocations=250 (full 0):
 PSYoungGen      total 35328K, used 35200K [0x000000076ae00000, 0x000000076d480000, 0x00000007c0000000)
  eden space 31232K, 100% used [0x000000076ae00000,0x000000076cc80000,0x000000076cc80000)
  from space 4096K, 96% used [0x000000076cc80000,0x000000076d060000,0x000000076d080000)
  to   space 4096K, 0% used [0x000000076d080000,0x000000076d080000,0x000000076d480000)
 ParOldGen       total 175104K, used 4683K [0x00000006c0a00000, 0x00000006cb500000, 0x000000076ae00000)
  object space 175104K, 2% used [0x00000006c0a00000,0x00000006c0e92ed0,0x00000006cb500000)
 Metaspace       used 11703K, capacity 11911K, committed 12160K, reserved 1060864K
  class space    used 968K, capacity 1066K, committed 1152K, reserved 1048576K
Event: 359.523 GC heap after
Heap after GC invocations=250 (full 0):
 PSYoungGen      total 35328K, used 3968K [0x000000076ae00000, 0x000000076d480000, 0x00000007c0000000)
  eden space 31232K, 0% used [0x000000076ae00000,0x000000076ae00000,0x000000076cc80000)
  from space 4096K, 96% used [0x000000076d080000,0x000000076d460000,0x000000076d480000)
  to   space 4096K, 0% used [0x000000076cc80000,0x000000076cc80000,0x000000076d080000)
 ParOldGen       total 175104K, used 4683K [0x00000006c0a00000, 0x00000006cb500000, 0x000000076ae00000)
  object space 175104K, 2% used [0x00000006c0a00000,0x00000006c0e92ed0,0x00000006cb500000)
 Metaspace       used 11703K, capacity 11911K, committed 12160K, reserved 1060864K
  class space    used 968K, capacity 1066K, committed 1152K, reserved 1048576K
}
Event: 360.399 GC heap before
{Heap before GC invocations=251 (full 0):
 PSYoungGen      total 35328K, used 35200K [0x000000076ae00000, 0x000000076d480000, 0x00000007c0000000)
  eden space 31232K, 100% used [0x000000076ae00000,0x000000076cc80000,0x000000076cc80000)
  from space 4096K, 96% used [0x000000076d080000,0x000000076d460000,0x000000076d480000)
  to   space 4096K, 0% used [0x000000076cc80000,0x000000076cc80000,0x000000076d080000)
 ParOldGen       total 175104K, used 4683K [0x00000006c0a00000, 0x00000006cb500000, 0x000000076ae00000)
  object space 175104K, 2% used [0x00000006c0a00000,0x00000006c0e92ed0,0x00000006cb500000)
 Metaspace       used 11703K, capacity 11911K, committed 12160K, reserved 1060864K
  class space    used 968K, capacity 1066K, committed 1152K, reserved 1048576K
Event: 360.406 GC heap after
Heap after GC invocations=251 (full 0):
 PSYoungGen      total 35328K, used 3936K [0x000000076ae00000, 0x000000076d480000, 0x00000007c0000000)
  eden space 31232K, 0% used [0x000000076ae00000,0x000000076ae00000,0x000000076cc80000)
  from space 4096K, 96% used [0x000000076cc80000,0x000000076d058000,0x000000076d080000)
  to   space 4096K, 0% used [0x000000076d080000,0x000000076d080000,0x000000076d480000)
 ParOldGen       total 175104K, used 4683K [0x00000006c0a00000, 0x00000006cb500000, 0x000000076ae00000)
  object space 175104K, 2% used [0x00000006c0a00000,0x00000006c0e92ed0,0x00000006cb500000)
 Metaspace       used 11703K, capacity 11911K, committed 12160K, reserved 1060864K
  class space    used 968K, capacity 1066K, committed 1152K, reserved 1048576K
}
Event: 361.282 GC heap before
{Heap before GC invocations=252 (full 0):
 PSYoungGen      total 35328K, used 35168K [0x000000076ae00000, 0x000000076d480000, 0x00000007c0000000)
  eden space 31232K, 100% used [0x000000076ae00000,0x000000076cc80000,0x000000076cc80000)
  from space 4096K, 96% used [0x000000076cc80000,0x000000076d058000,0x000000076d080000)
  to   space 4096K, 0% used [0x000000076d080000,0x000000076d080000,0x000000076d480000)
 ParOldGen       total 175104K, used 4683K [0x00000006c0a00000, 0x00000006cb500000, 0x000000076ae00000)
  object space 175104K, 2% used [0x00000006c0a00000,0x00000006c0e92ed0,0x00000006cb500000)
 Metaspace       used 11703K, capacity 11911K, committed 12160K, reserved 1060864K
  class space    used 968K, capacity 1066K, committed 1152K, reserved 1048576K
Event: 361.290 GC heap after
Heap after GC invocations=252 (full 0):
 PSYoungGen      total 35328K, used 3968K [0x000000076ae00000, 0x000000076d480000, 0x00000007c0000000)
  eden space 31232K, 0% used [0x000000076ae00000,0x000000076ae00000,0x000000076cc80000)
  from space 4096K, 96% used [0x000000076d080000,0x000000076d460000,0x000000076d480000)
  to   space 4096K, 0% used [0x000000076cc80000,0x000000076cc80000,0x000000076d080000)
 ParOldGen       total 175104K, used 4683K [0x00000006c0a00000, 0x00000006cb500000, 0x000000076ae00000)
  object space 175104K, 2% used [0x00000006c0a00000,0x00000006c0e92ed0,0x00000006cb500000)
 Metaspace       used 11703K, capacity 11911K, committed 12160K, reserved 1060864K
  class space    used 968K, capacity 1066K, committed 1152K, reserved 1048576K
}
Event: 362.165 GC heap before
{Heap before GC invocations=253 (full 0):
 PSYoungGen      total 35328K, used 35200K [0x000000076ae00000, 0x000000076d480000, 0x00000007c0000000)
  eden space 31232K, 100% used [0x000000076ae00000,0x000000076cc80000,0x000000076cc80000)
  from space 4096K, 96% used [0x000000076d080000,0x000000076d460000,0x000000076d480000)
  to   space 4096K, 0% used [0x000000076cc80000,0x000000076cc80000,0x000000076d080000)
 ParOldGen       total 175104K, used 4683K [0x00000006c0a00000, 0x00000006cb500000, 0x000000076ae00000)
  object space 175104K, 2% used [0x00000006c0a00000,0x00000006c0e92ed0,0x00000006cb500000)
 Metaspace       used 11703K, capacity 11911K, committed 12160K, reserved 1060864K
  class space    used 968K, capacity 1066K, committed 1152K, reserved 1048576K
Event: 362.174 GC heap after
Heap after GC invocations=253 (full 0):
 PSYoungGen      total 35328K, used 3936K [0x000000076ae00000, 0x000000076d480000, 0x00000007c0000000)
  eden space 31232K, 0% used [0x000000076ae00000,0x000000076ae00000,0x000000076cc80000)
  from space 4096K, 96% used [0x000000076cc80000,0x000000076d058000,0x000000076d080000)
  to   space 4096K, 0% used [0x000000076d080000,0x000000076d080000,0x000000076d480000)
 ParOldGen       total 175104K, used 4683K [0x00000006c0a00000, 0x00000006cb500000, 0x000000076ae00000)
  object space 175104K, 2% used [0x00000006c0a00000,0x00000006c0e92ed0,0x00000006cb500000)
 Metaspace       used 11703K, capacity 11911K, committed 12160K, reserved 1060864K
  class space    used 968K, capacity 1066K, committed 1152K, reserved 1048576K
}
Event: 363.033 GC heap before
{Heap before GC invocations=254 (full 0):
 PSYoungGen      total 35328K, used 35168K [0x000000076ae00000, 0x000000076d480000, 0x00000007c0000000)
  eden space 31232K, 100% used [0x000000076ae00000,0x000000076cc80000,0x000000076cc80000)
  from space 4096K, 96% used [0x000000076cc80000,0x000000076d058000,0x000000076d080000)
  to   space 4096K, 0% used [0x000000076d080000,0x000000076d080000,0x000000076d480000)
 ParOldGen       total 175104K, used 4683K [0x00000006c0a00000, 0x00000006cb500000, 0x000000076ae00000)
  object space 175104K, 2% used [0x00000006c0a00000,0x00000006c0e92ed0,0x00000006cb500000)
 Metaspace       used 11703K, capacity 11911K, committed 12160K, reserved 1060864K
  class space    used 968K, capacity 1066K, committed 1152K, reserved 1048576K
Event: 363.040 GC heap after
Heap after GC invocations=254 (full 0):
 PSYoungGen      total 35328K, used 3936K [0x000000076ae00000, 0x000000076d480000, 0x00000007c0000000)
  eden space 31232K, 0% used [0x000000076ae00000,0x000000076ae00000,0x000000076cc80000)
  from space 4096K, 96% used [0x000000076d080000,0x000000076d458000,0x000000076d480000)
  to   space 4096K, 0% used [0x000000076cc80000,0x000000076cc80000,0x000000076d080000)
 ParOldGen       total 175104K, used 4683K [0x00000006c0a00000, 0x00000006cb500000, 0x000000076ae00000)
  object space 175104K, 2% used [0x00000006c0a00000,0x00000006c0e92ed0,0x00000006cb500000)
 Metaspace       used 11703K, capacity 11911K, committed 12160K, reserved 1060864K
  class space    used 968K, capacity 1066K, committed 1152K, reserved 1048576K
}

