# JRE version: Java(TM) SE Runtime Environment (8.0_71-b15) (build 1.8.0_71-b15)
# Java VM: Java HotSpot(TM) 64-Bit Server VM (25.71-b15 mixed mode windows-amd64 compressed oops)
Heap:
 PSYoungGen      total 64512K, used 12028K [0x000000076ae00000, 0x000000076f900000, 0x00000007c0000000)
  eden space 54272K, 13% used [0x000000076ae00000,0x000000076b5671c8,0x000000076e300000)
  from space 10240K, 43% used [0x000000076ef00000,0x000000076f358000,0x000000076f900000)
  to   space 11264K, 0% used [0x000000076e300000,0x000000076e300000,0x000000076ee00000)
 ParOldGen       total 175104K, used 11957K [0x00000006c0a00000, 0x00000006cb500000, 0x000000076ae00000)
  object space 175104K, 6% used [0x00000006c0a00000,0x00000006c15ad400,0x00000006cb500000)
 Metaspace       used 11734K, capacity 11915K, committed 12160K, reserved 1060864K
  class space    used 976K, capacity 1066K, committed 1152K, reserved 1048576K
GC Heap History (10 events):
Event: 29.272 GC heap before
{Heap before GC invocations=10 (full 0):
 PSYoungGen      total 67072K, used 66944K [0x000000076ae00000, 0x000000076fe00000, 0x00000007c0000000)
  eden space 59392K, 100% used [0x000000076ae00000,0x000000076e800000,0x000000076e800000)
  from space 7680K, 98% used [0x000000076e900000,0x000000076f060000,0x000000076f080000)
  to   space 11264K, 0% used [0x000000076f300000,0x000000076f300000,0x000000076fe00000)
 ParOldGen       total 175104K, used 11901K [0x00000006c0a00000, 0x00000006cb500000, 0x000000076ae00000)
  object space 175104K, 6% used [0x00000006c0a00000,0x00000006c159f400,0x00000006cb500000)
 Metaspace       used 11727K, capacity 11915K, committed 12160K, reserved 1060864K
  class space    used 976K, capacity 1066K, committed 1152K, reserved 1048576K
Event: 29.282 GC heap after
Heap after GC invocations=10 (full 0):
 PSYoungGen      total 68608K, used 4960K [0x000000076ae00000, 0x000000076fd00000, 0x00000007c0000000)
  eden space 58368K, 0% used [0x000000076ae00000,0x000000076ae00000,0x000000076e700000)
  from space 10240K, 48% used [0x000000076f300000,0x000000076f7d8000,0x000000076fd00000)
  to   space 11264K, 0% used [0x000000076e700000,0x000000076e700000,0x000000076f200000)
 ParOldGen       total 175104K, used 11925K [0x00000006c0a00000, 0x00000006cb500000, 0x000000076ae00000)
  object space 175104K, 6% used [0x00000006c0a00000,0x00000006c15a5400,0x00000006cb500000)
 Metaspace       used 11727K, capacity 11915K, committed 12160K, reserved 1060864K
  class space    used 976K, capacity 1066K, committed 1152K, reserved 1048576K
}
Event: 32.321 GC heap before
{Heap before GC invocations=11 (full 0):
 PSYoungGen      total 68608K, used 59750K [0x000000076ae00000, 0x000000076fd00000, 0x00000007c0000000)
  eden space 58368K, 93% used [0x000000076ae00000,0x000000076e3818c8,0x000000076e700000)
  from space 10240K, 48% used [0x000000076f300000,0x000000076f7d8000,0x000000076fd00000)
  to   space 11264K, 0% used [0x000000076e700000,0x000000076e700000,0x000000076f200000)
 ParOldGen       total 175104K, used 11925K [0x00000006c0a00000, 0x00000006cb500000, 0x000000076ae00000)
  object space 175104K, 6% used [0x00000006c0a00000,0x00000006c15a5400,0x00000006cb500000)
 Metaspace       used 11727K, capacity 11915K, committed 12160K, reserved 1060864K
  class space    used 976K, capacity 1066K, committed 1152K, reserved 1048576K
Event: 32.334 GC heap after
Heap after GC invocations=11 (full 0):
 PSYoungGen      total 64512K, used 6752K [0x000000076ae00000, 0x000000076fc00000, 0x00000007c0000000)
  eden space 57344K, 0% used [0x000000076ae00000,0x000000076ae00000,0x000000076e600000)
  from space 7168K, 94% used [0x000000076e700000,0x000000076ed98000,0x000000076ee00000)
  to   space 11264K, 0% used [0x000000076f100000,0x000000076f100000,0x000000076fc00000)
 ParOldGen       total 175104K, used 11941K [0x00000006c0a00000, 0x00000006cb500000, 0x000000076ae00000)
  object space 175104K, 6% used [0x00000006c0a00000,0x00000006c15a9400,0x00000006cb500000)
 Metaspace       used 11727K, capacity 11915K, committed 12160K, reserved 1060864K
  class space    used 976K, capacity 1066K, committed 1152K, reserved 1048576K
}
Event: 34.711 GC heap before
{Heap before GC invocations=12 (full 0):
 PSYoungGen      total 64512K, used 64096K [0x000000076ae00000, 0x000000076fc00000, 0x00000007c0000000)
  eden space 57344K, 100% used [0x000000076ae00000,0x000000076e600000,0x000000076e600000)
  from space 7168K, 94% used [0x000000076e700000,0x000000076ed98000,0x000000076ee00000)
  to   space 11264K, 0% used [0x000000076f100000,0x000000076f100000,0x000000076fc00000)
 ParOldGen       total 175104K, used 11941K [0x00000006c0a00000, 0x00000006cb500000, 0x000000076ae00000)
  object space 175104K, 6% used [0x00000006c0a00000,0x00000006c15a9400,0x00000006cb500000)
 Metaspace       used 11727K, capacity 11915K, committed 12160K, reserved 1060864K
  class space    used 976K, capacity 1066K, committed 1152K, reserved 1048576K
Event: 34.721 GC heap after
Heap after GC invocations=12 (full 0):
 PSYoungGen      total 66560K, used 5216K [0x000000076ae00000, 0x000000076fb00000, 0x00000007c0000000)
  eden space 56320K, 0% used [0x000000076ae00000,0x000000076ae00000,0x000000076e500000)
  from space 10240K, 50% used [0x000000076f100000,0x000000076f618000,0x000000076fb00000)
  to   space 11264K, 0% used [0x000000076e500000,0x000000076e500000,0x000000076f000000)
 ParOldGen       total 175104K, used 11957K [0x00000006c0a00000, 0x00000006cb500000, 0x000000076ae00000)
  object space 175104K, 6% used [0x00000006c0a00000,0x00000006c15ad400,0x00000006cb500000)
 Metaspace       used 11727K, capacity 11915K, committed 12160K, reserved 1060864K
  class space    used 976K, capacity 1066K, committed 1152K, reserved 1048576K
}
Event: 37.893 GC heap before
{Heap before GC invocations=13 (full 0):
 PSYoungGen      total 66560K, used 61536K [0x000000076ae00000, 0x000000076fb00000, 0x00000007c0000000)
  eden space 56320K, 100% used [0x000000076ae00000,0x000000076e500000,0x000000076e500000)
  from space 10240K, 50% used [0x000000076f100000,0x000000076f618000,0x000000076fb00000)
  to   space 11264K, 0% used [0x000000076e500000,0x000000076e500000,0x000000076f000000)
 ParOldGen       total 175104K, used 11957K [0x00000006c0a00000, 0x00000006cb500000, 0x000000076ae00000)
  object space 175104K, 6% used [0x00000006c0a00000,0x00000006c15ad400,0x00000006cb500000)
 Metaspace       used 11727K, capacity 11915K, committed 12160K, reserved 1060864K
  class space    used 976K, capacity 1066K, committed 1152K, reserved 1048576K
Event: 37.908 GC heap after
Heap after GC invocations=13 (full 0):
 PSYoungGen      total 62464K, used 7040K [0x000000076ae00000, 0x000000076fa00000, 0x00000007c0000000)
  eden space 55296K, 0% used [0x000000076ae00000,0x000000076ae00000,0x000000076e400000)
  from space 7168K, 98% used [0x000000076e500000,0x000000076ebe0000,0x000000076ec00000)
  to   space 11264K, 0% used [0x000000076ef00000,0x000000076ef00000,0x000000076fa00000)
 ParOldGen       total 175104K, used 11957K [0x00000006c0a00000, 0x00000006cb500000, 0x000000076ae00000)
  object space 175104K, 6% used [0x00000006c0a00000,0x00000006c15ad400,0x00000006cb500000)
 Metaspace       used 11727K, capacity 11915K, committed 12160K, reserved 1060864K
  class space    used 976K, capacity 1066K, committed 1152K, reserved 1048576K
}
Event: 39.925 GC heap before
{Heap before GC invocations=14 (full 0):
 PSYoungGen      total 62464K, used 62336K [0x000000076ae00000, 0x000000076fa00000, 0x00000007c0000000)
  eden space 55296K, 100% used [0x000000076ae00000,0x000000076e400000,0x000000076e400000)
  from space 7168K, 98% used [0x000000076e500000,0x000000076ebe0000,0x000000076ec00000)
  to   space 11264K, 0% used [0x000000076ef00000,0x000000076ef00000,0x000000076fa00000)
 ParOldGen       total 175104K, used 11957K [0x00000006c0a00000, 0x00000006cb500000, 0x000000076ae00000)
  object space 175104K, 6% used [0x00000006c0a00000,0x00000006c15ad400,0x00000006cb500000)
 Metaspace       used 11734K, capacity 11915K, committed 12160K, reserved 1060864K
  class space    used 976K, capacity 1066K, committed 1152K, reserved 1048576K
Event: 39.934 GC heap after
Heap after GC invocations=14 (full 0):
 PSYoungGen      total 64512K, used 4448K [0x000000076ae00000, 0x000000076f900000, 0x00000007c0000000)
  eden space 54272K, 0% used [0x000000076ae00000,0x000000076ae00000,0x000000076e300000)
  from space 10240K, 43% used [0x000000076ef00000,0x000000076f358000,0x000000076f900000)
  to   space 11264K, 0% used [0x000000076e300000,0x000000076e300000,0x000000076ee00000)
 ParOldGen       total 175104K, used 11957K [0x00000006c0a00000, 0x00000006cb500000, 0x000000076ae00000)
  object space 175104K, 6% used [0x00000006c0a00000,0x00000006c15ad400,0x00000006cb500000)
 Metaspace       used 11734K, capacity 11915K, committed 12160K, reserved 1060864K
  class space    used 976K, capacity 1066K, committed 1152K, reserved 1048576K
}

