# JRE version: Java(TM) SE Runtime Environment (8.0_71-b15) (build 1.8.0_71-b15)
# Java VM: Java HotSpot(TM) 64-Bit Server VM (25.71-b15 mixed mode windows-amd64 compressed oops)
Heap:
 PSYoungGen      total 62464K, used 11878K [0x000000076ae00000, 0x000000076f700000, 0x00000007c0000000)
  eden space 52224K, 9% used [0x000000076ae00000,0x000000076b3198d8,0x000000076e100000)
  from space 10240K, 65% used [0x000000076ed00000,0x000000076f380000,0x000000076f700000)
  to   space 11264K, 0% used [0x000000076e100000,0x000000076e100000,0x000000076ec00000)
 ParOldGen       total 175104K, used 11908K [0x00000006c0a00000, 0x00000006cb500000, 0x000000076ae00000)
  object space 175104K, 6% used [0x00000006c0a00000,0x00000006c15a13e0,0x00000006cb500000)
 Metaspace       used 11710K, capacity 11871K, committed 12160K, reserved 1060864K
  class space    used 974K, capacity 1034K, committed 1152K, reserved 1048576K
GC Heap History (10 events):
Event: 40.513 GC heap before
{Heap before GC invocations=12 (full 0):
 PSYoungGen      total 62464K, used 61984K [0x000000076ae00000, 0x000000076fd00000, 0x00000007c0000000)
  eden space 57344K, 100% used [0x000000076ae00000,0x000000076e600000,0x000000076e600000)
  from space 5120K, 90% used [0x000000076e700000,0x000000076eb88000,0x000000076ec00000)
  to   space 11776K, 0% used [0x000000076f180000,0x000000076f180000,0x000000076fd00000)
 ParOldGen       total 175104K, used 11876K [0x00000006c0a00000, 0x00000006cb500000, 0x000000076ae00000)
  object space 175104K, 6% used [0x00000006c0a00000,0x00000006c15993e0,0x00000006cb500000)
 Metaspace       used 11710K, capacity 11871K, committed 12160K, reserved 1060864K
  class space    used 974K, capacity 1034K, committed 1152K, reserved 1048576K
Event: 40.528 GC heap after
Heap after GC invocations=12 (full 0):
 PSYoungGen      total 67072K, used 7168K [0x000000076ae00000, 0x000000076fc00000, 0x00000007c0000000)
  eden space 56320K, 0% used [0x000000076ae00000,0x000000076ae00000,0x000000076e500000)
  from space 10752K, 66% used [0x000000076f180000,0x000000076f880000,0x000000076fc00000)
  to   space 11776K, 0% used [0x000000076e500000,0x000000076e500000,0x000000076f080000)
 ParOldGen       total 175104K, used 11900K [0x00000006c0a00000, 0x00000006cb500000, 0x000000076ae00000)
  object space 175104K, 6% used [0x00000006c0a00000,0x00000006c159f3e0,0x00000006cb500000)
 Metaspace       used 11710K, capacity 11871K, committed 12160K, reserved 1060864K
  class space    used 974K, capacity 1034K, committed 1152K, reserved 1048576K
}
Event: 43.714 GC heap before
{Heap before GC invocations=13 (full 0):
 PSYoungGen      total 67072K, used 63488K [0x000000076ae00000, 0x000000076fc00000, 0x00000007c0000000)
  eden space 56320K, 100% used [0x000000076ae00000,0x000000076e500000,0x000000076e500000)
  from space 10752K, 66% used [0x000000076f180000,0x000000076f880000,0x000000076fc00000)
  to   space 11776K, 0% used [0x000000076e500000,0x000000076e500000,0x000000076f080000)
 ParOldGen       total 175104K, used 11900K [0x00000006c0a00000, 0x00000006cb500000, 0x000000076ae00000)
  object space 175104K, 6% used [0x00000006c0a00000,0x00000006c159f3e0,0x00000006cb500000)
 Metaspace       used 11710K, capacity 11871K, committed 12160K, reserved 1060864K
  class space    used 974K, capacity 1034K, committed 1152K, reserved 1048576K
Event: 43.729 GC heap after
Heap after GC invocations=13 (full 0):
 PSYoungGen      total 62464K, used 7040K [0x000000076ae00000, 0x000000076fb00000, 0x00000007c0000000)
  eden space 55296K, 0% used [0x000000076ae00000,0x000000076ae00000,0x000000076e400000)
  from space 7168K, 98% used [0x000000076e500000,0x000000076ebe0000,0x000000076ec00000)
  to   space 11776K, 0% used [0x000000076ef80000,0x000000076ef80000,0x000000076fb00000)
 ParOldGen       total 175104K, used 11900K [0x00000006c0a00000, 0x00000006cb500000, 0x000000076ae00000)
  object space 175104K, 6% used [0x00000006c0a00000,0x00000006c159f3e0,0x00000006cb500000)
 Metaspace       used 11710K, capacity 11871K, committed 12160K, reserved 1060864K
  class space    used 974K, capacity 1034K, committed 1152K, reserved 1048576K
}
Event: 46.861 GC heap before
{Heap before GC invocations=14 (full 0):
 PSYoungGen      total 62464K, used 62336K [0x000000076ae00000, 0x000000076fb00000, 0x00000007c0000000)
  eden space 55296K, 100% used [0x000000076ae00000,0x000000076e400000,0x000000076e400000)
  from space 7168K, 98% used [0x000000076e500000,0x000000076ebe0000,0x000000076ec00000)
  to   space 11776K, 0% used [0x000000076ef80000,0x000000076ef80000,0x000000076fb00000)
 ParOldGen       total 175104K, used 11900K [0x00000006c0a00000, 0x00000006cb500000, 0x000000076ae00000)
  object space 175104K, 6% used [0x00000006c0a00000,0x00000006c159f3e0,0x00000006cb500000)
 Metaspace       used 11710K, capacity 11871K, committed 12160K, reserved 1060864K
  class space    used 974K, capacity 1034K, committed 1152K, reserved 1048576K
Event: 46.875 GC heap after
Heap after GC invocations=14 (full 0):
 PSYoungGen      total 64000K, used 6880K [0x000000076ae00000, 0x000000076f900000, 0x00000007c0000000)
  eden space 54272K, 0% used [0x000000076ae00000,0x000000076ae00000,0x000000076e300000)
  from space 9728K, 70% used [0x000000076ef80000,0x000000076f638000,0x000000076f900000)
  to   space 11264K, 0% used [0x000000076e300000,0x000000076e300000,0x000000076ee00000)
 ParOldGen       total 175104K, used 11900K [0x00000006c0a00000, 0x00000006cb500000, 0x000000076ae00000)
  object space 175104K, 6% used [0x00000006c0a00000,0x00000006c159f3e0,0x00000006cb500000)
 Metaspace       used 11710K, capacity 11871K, committed 12160K, reserved 1060864K
  class space    used 974K, capacity 1034K, committed 1152K, reserved 1048576K
}
Event: 49.944 GC heap before
{Heap before GC invocations=15 (full 0):
 PSYoungGen      total 64000K, used 61152K [0x000000076ae00000, 0x000000076f900000, 0x00000007c0000000)
  eden space 54272K, 100% used [0x000000076ae00000,0x000000076e300000,0x000000076e300000)
  from space 9728K, 70% used [0x000000076ef80000,0x000000076f638000,0x000000076f900000)
  to   space 11264K, 0% used [0x000000076e300000,0x000000076e300000,0x000000076ee00000)
 ParOldGen       total 175104K, used 11900K [0x00000006c0a00000, 0x00000006cb500000, 0x000000076ae00000)
  object space 175104K, 6% used [0x00000006c0a00000,0x00000006c159f3e0,0x00000006cb500000)
 Metaspace       used 11710K, capacity 11871K, committed 12160K, reserved 1060864K
  class space    used 974K, capacity 1034K, committed 1152K, reserved 1048576K
Event: 49.958 GC heap after
Heap after GC invocations=15 (full 0):
 PSYoungGen      total 60416K, used 6752K [0x000000076ae00000, 0x000000076f800000, 0x00000007c0000000)
  eden space 53248K, 0% used [0x000000076ae00000,0x000000076ae00000,0x000000076e200000)
  from space 7168K, 94% used [0x000000076e300000,0x000000076e998000,0x000000076ea00000)
  to   space 11264K, 0% used [0x000000076ed00000,0x000000076ed00000,0x000000076f800000)
 ParOldGen       total 175104K, used 11908K [0x00000006c0a00000, 0x00000006cb500000, 0x000000076ae00000)
  object space 175104K, 6% used [0x00000006c0a00000,0x00000006c15a13e0,0x00000006cb500000)
 Metaspace       used 11710K, capacity 11871K, committed 12160K, reserved 1060864K
  class space    used 974K, capacity 1034K, committed 1152K, reserved 1048576K
}
Event: 53.064 GC heap before
{Heap before GC invocations=16 (full 0):
 PSYoungGen      total 60416K, used 60000K [0x000000076ae00000, 0x000000076f800000, 0x00000007c0000000)
  eden space 53248K, 100% used [0x000000076ae00000,0x000000076e200000,0x000000076e200000)
  from space 7168K, 94% used [0x000000076e300000,0x000000076e998000,0x000000076ea00000)
  to   space 11264K, 0% used [0x000000076ed00000,0x000000076ed00000,0x000000076f800000)
 ParOldGen       total 175104K, used 11908K [0x00000006c0a00000, 0x00000006cb500000, 0x000000076ae00000)
  object space 175104K, 6% used [0x00000006c0a00000,0x00000006c15a13e0,0x00000006cb500000)
 Metaspace       used 11710K, capacity 11871K, committed 12160K, reserved 1060864K
  class space    used 974K, capacity 1034K, committed 1152K, reserved 1048576K
Event: 53.078 GC heap after
Heap after GC invocations=16 (full 0):
 PSYoungGen      total 62464K, used 6656K [0x000000076ae00000, 0x000000076f700000, 0x00000007c0000000)
  eden space 52224K, 0% used [0x000000076ae00000,0x000000076ae00000,0x000000076e100000)
  from space 10240K, 65% used [0x000000076ed00000,0x000000076f380000,0x000000076f700000)
  to   space 11264K, 0% used [0x000000076e100000,0x000000076e100000,0x000000076ec00000)
 ParOldGen       total 175104K, used 11908K [0x00000006c0a00000, 0x00000006cb500000, 0x000000076ae00000)
  object space 175104K, 6% used [0x00000006c0a00000,0x00000006c15a13e0,0x00000006cb500000)
 Metaspace       used 11710K, capacity 11871K, committed 12160K, reserved 1060864K
  class space    used 974K, capacity 1034K, committed 1152K, reserved 1048576K
}

