# JRE version: Java(TM) SE Runtime Environment (8.0_71-b15) (build 1.8.0_71-b15)
# Java VM: Java HotSpot(TM) 64-Bit Server VM (25.71-b15 mixed mode windows-amd64 compressed oops)
Heap:
 PSYoungGen      total 35328K, used 22707K [0x000000076ae00000, 0x000000076d480000, 0x00000007c0000000)
  eden space 31232K, 60% used [0x000000076ae00000,0x000000076c04cfa8,0x000000076cc80000)
  from space 4096K, 96% used [0x000000076d080000,0x000000076d460000,0x000000076d480000)
  to   space 4096K, 0% used [0x000000076cc80000,0x000000076cc80000,0x000000076d080000)
 ParOldGen       total 175104K, used 35823K [0x00000006c0a00000, 0x00000006cb500000, 0x000000076ae00000)
  object space 175104K, 20% used [0x00000006c0a00000,0x00000006c2cfbd10,0x00000006cb500000)
 Metaspace       used 11708K, capacity 11907K, committed 12160K, reserved 1060864K
  class space    used 973K, capacity 1066K, committed 1152K, reserved 1048576K
GC Heap History (10 events):
Event: 355.902 GC heap before
{Heap before GC invocations=132 (full 0):
 PSYoungGen      total 35328K, used 35232K [0x000000076ae00000, 0x000000076d480000, 0x00000007c0000000)
  eden space 31232K, 100% used [0x000000076ae00000,0x000000076cc80000,0x000000076cc80000)
  from space 4096K, 97% used [0x000000076cc80000,0x000000076d068000,0x000000076d080000)
  to   space 4096K, 0% used [0x000000076d080000,0x000000076d080000,0x000000076d480000)
 ParOldGen       total 175104K, used 35815K [0x00000006c0a00000, 0x00000006cb500000, 0x000000076ae00000)
  object space 175104K, 20% used [0x00000006c0a00000,0x00000006c2cf9d10,0x00000006cb500000)
 Metaspace       used 11708K, capacity 11907K, committed 12160K, reserved 1060864K
  class space    used 973K, capacity 1066K, committed 1152K, reserved 1048576K
Event: 355.910 GC heap after
Heap after GC invocations=132 (full 0):
 PSYoungGen      total 35328K, used 4000K [0x000000076ae00000, 0x000000076d480000, 0x00000007c0000000)
  eden space 31232K, 0% used [0x000000076ae00000,0x000000076ae00000,0x000000076cc80000)
  from space 4096K, 97% used [0x000000076d080000,0x000000076d468000,0x000000076d480000)
  to   space 4096K, 0% used [0x000000076cc80000,0x000000076cc80000,0x000000076d080000)
 ParOldGen       total 175104K, used 35823K [0x00000006c0a00000, 0x00000006cb500000, 0x000000076ae00000)
  object space 175104K, 20% used [0x00000006c0a00000,0x00000006c2cfbd10,0x00000006cb500000)
 Metaspace       used 11708K, capacity 11907K, committed 12160K, reserved 1060864K
  class space    used 973K, capacity 1066K, committed 1152K, reserved 1048576K
}
Event: 357.652 GC heap before
{Heap before GC invocations=133 (full 0):
 PSYoungGen      total 35328K, used 35232K [0x000000076ae00000, 0x000000076d480000, 0x00000007c0000000)
  eden space 31232K, 100% used [0x000000076ae00000,0x000000076cc80000,0x000000076cc80000)
  from space 4096K, 97% used [0x000000076d080000,0x000000076d468000,0x000000076d480000)
  to   space 4096K, 0% used [0x000000076cc80000,0x000000076cc80000,0x000000076d080000)
 ParOldGen       total 175104K, used 35823K [0x00000006c0a00000, 0x00000006cb500000, 0x000000076ae00000)
  object space 175104K, 20% used [0x00000006c0a00000,0x00000006c2cfbd10,0x00000006cb500000)
 Metaspace       used 11708K, capacity 11907K, committed 12160K, reserved 1060864K
  class space    used 973K, capacity 1066K, committed 1152K, reserved 1048576K
Event: 357.660 GC heap after
Heap after GC invocations=133 (full 0):
 PSYoungGen      total 35328K, used 4000K [0x000000076ae00000, 0x000000076d480000, 0x00000007c0000000)
  eden space 31232K, 0% used [0x000000076ae00000,0x000000076ae00000,0x000000076cc80000)
  from space 4096K, 97% used [0x000000076cc80000,0x000000076d068000,0x000000076d080000)
  to   space 4096K, 0% used [0x000000076d080000,0x000000076d080000,0x000000076d480000)
 ParOldGen       total 175104K, used 35823K [0x00000006c0a00000, 0x00000006cb500000, 0x000000076ae00000)
  object space 175104K, 20% used [0x00000006c0a00000,0x00000006c2cfbd10,0x00000006cb500000)
 Metaspace       used 11708K, capacity 11907K, committed 12160K, reserved 1060864K
  class space    used 973K, capacity 1066K, committed 1152K, reserved 1048576K
}
Event: 359.402 GC heap before
{Heap before GC invocations=134 (full 0):
 PSYoungGen      total 35328K, used 35232K [0x000000076ae00000, 0x000000076d480000, 0x00000007c0000000)
  eden space 31232K, 100% used [0x000000076ae00000,0x000000076cc80000,0x000000076cc80000)
  from space 4096K, 97% used [0x000000076cc80000,0x000000076d068000,0x000000076d080000)
  to   space 4096K, 0% used [0x000000076d080000,0x000000076d080000,0x000000076d480000)
 ParOldGen       total 175104K, used 35823K [0x00000006c0a00000, 0x00000006cb500000, 0x000000076ae00000)
  object space 175104K, 20% used [0x00000006c0a00000,0x00000006c2cfbd10,0x00000006cb500000)
 Metaspace       used 11708K, capacity 11907K, committed 12160K, reserved 1060864K
  class space    used 973K, capacity 1066K, committed 1152K, reserved 1048576K
Event: 359.410 GC heap after
Heap after GC invocations=134 (full 0):
 PSYoungGen      total 35328K, used 3968K [0x000000076ae00000, 0x000000076d480000, 0x00000007c0000000)
  eden space 31232K, 0% used [0x000000076ae00000,0x000000076ae00000,0x000000076cc80000)
  from space 4096K, 96% used [0x000000076d080000,0x000000076d460000,0x000000076d480000)
  to   space 4096K, 0% used [0x000000076cc80000,0x000000076cc80000,0x000000076d080000)
 ParOldGen       total 175104K, used 35823K [0x00000006c0a00000, 0x00000006cb500000, 0x000000076ae00000)
  object space 175104K, 20% used [0x00000006c0a00000,0x00000006c2cfbd10,0x00000006cb500000)
 Metaspace       used 11708K, capacity 11907K, committed 12160K, reserved 1060864K
  class space    used 973K, capacity 1066K, committed 1152K, reserved 1048576K
}
Event: 361.152 GC heap before
{Heap before GC invocations=135 (full 0):
 PSYoungGen      total 35328K, used 35200K [0x000000076ae00000, 0x000000076d480000, 0x00000007c0000000)
  eden space 31232K, 100% used [0x000000076ae00000,0x000000076cc80000,0x000000076cc80000)
  from space 4096K, 96% used [0x000000076d080000,0x000000076d460000,0x000000076d480000)
  to   space 4096K, 0% used [0x000000076cc80000,0x000000076cc80000,0x000000076d080000)
 ParOldGen       total 175104K, used 35823K [0x00000006c0a00000, 0x00000006cb500000, 0x000000076ae00000)
  object space 175104K, 20% used [0x00000006c0a00000,0x00000006c2cfbd10,0x00000006cb500000)
 Metaspace       used 11708K, capacity 11907K, committed 12160K, reserved 1060864K
  class space    used 973K, capacity 1066K, committed 1152K, reserved 1048576K
Event: 361.160 GC heap after
Heap after GC invocations=135 (full 0):
 PSYoungGen      total 35328K, used 4000K [0x000000076ae00000, 0x000000076d480000, 0x00000007c0000000)
  eden space 31232K, 0% used [0x000000076ae00000,0x000000076ae00000,0x000000076cc80000)
  from space 4096K, 97% used [0x000000076cc80000,0x000000076d068000,0x000000076d080000)
  to   space 4096K, 0% used [0x000000076d080000,0x000000076d080000,0x000000076d480000)
 ParOldGen       total 175104K, used 35823K [0x00000006c0a00000, 0x00000006cb500000, 0x000000076ae00000)
  object space 175104K, 20% used [0x00000006c0a00000,0x00000006c2cfbd10,0x00000006cb500000)
 Metaspace       used 11708K, capacity 11907K, committed 12160K, reserved 1060864K
  class space    used 973K, capacity 1066K, committed 1152K, reserved 1048576K
}
Event: 362.887 GC heap before
{Heap before GC invocations=136 (full 0):
 PSYoungGen      total 35328K, used 35232K [0x000000076ae00000, 0x000000076d480000, 0x00000007c0000000)
  eden space 31232K, 100% used [0x000000076ae00000,0x000000076cc80000,0x000000076cc80000)
  from space 4096K, 97% used [0x000000076cc80000,0x000000076d068000,0x000000076d080000)
  to   space 4096K, 0% used [0x000000076d080000,0x000000076d080000,0x000000076d480000)
 ParOldGen       total 175104K, used 35823K [0x00000006c0a00000, 0x00000006cb500000, 0x000000076ae00000)
  object space 175104K, 20% used [0x00000006c0a00000,0x00000006c2cfbd10,0x00000006cb500000)
 Metaspace       used 11708K, capacity 11907K, committed 12160K, reserved 1060864K
  class space    used 973K, capacity 1066K, committed 1152K, reserved 1048576K
Event: 362.899 GC heap after
Heap after GC invocations=136 (full 0):
 PSYoungGen      total 35328K, used 3968K [0x000000076ae00000, 0x000000076d480000, 0x00000007c0000000)
  eden space 31232K, 0% used [0x000000076ae00000,0x000000076ae00000,0x000000076cc80000)
  from space 4096K, 96% used [0x000000076d080000,0x000000076d460000,0x000000076d480000)
  to   space 4096K, 0% used [0x000000076cc80000,0x000000076cc80000,0x000000076d080000)
 ParOldGen       total 175104K, used 35823K [0x00000006c0a00000, 0x00000006cb500000, 0x000000076ae00000)
  object space 175104K, 20% used [0x00000006c0a00000,0x00000006c2cfbd10,0x00000006cb500000)
 Metaspace       used 11708K, capacity 11907K, committed 12160K, reserved 1060864K
  class space    used 973K, capacity 1066K, committed 1152K, reserved 1048576K
}

